Started GET "/" for 127.0.0.1 at 2018-01-12 17:20:52 -0800
Processing by Rails::WelcomeController#index as HTML
  Parameters: {"internal"=>true}
  Rendering /Users/danrusu/.rvm/gems/ruby-2.3.3/gems/railties-5.0.6/lib/rails/templates/rails/welcome/index.html.erb
  Rendered /Users/danrusu/.rvm/gems/ruby-2.3.3/gems/railties-5.0.6/lib/rails/templates/rails/welcome/index.html.erb (7.5ms)
Completed 200 OK in 58ms (Views: 32.0ms | ActiveRecord: 0.0ms)


  [1m[35m (13.8ms)[0m  [1m[35mCREATE TABLE "schema_migrations" ("version" varchar NOT NULL PRIMARY KEY)[0m
  [1m[35m (3.7ms)[0m  [1m[35mCREATE TABLE "ar_internal_metadata" ("key" varchar NOT NULL PRIMARY KEY, "value" varchar, "created_at" datetime NOT NULL, "updated_at" datetime NOT NULL)[0m
  [1m[36mActiveRecord::SchemaMigration Load (0.5ms)[0m  [1m[34mSELECT "schema_migrations".* FROM "schema_migrations"[0m
Migrating to DeviseCreateUsers (20180113012716)
  [1m[35m (0.1ms)[0m  [1m[36mbegin transaction[0m
  [1m[35m (0.5ms)[0m  [1m[35mCREATE TABLE "users" ("id" INTEGER PRIMARY KEY AUTOINCREMENT NOT NULL, "email" varchar DEFAULT '' NOT NULL, "encrypted_password" varchar DEFAULT '' NOT NULL, "reset_password_token" varchar, "reset_password_sent_at" datetime, "remember_created_at" datetime, "sign_in_count" integer DEFAULT 0 NOT NULL, "current_sign_in_at" datetime, "last_sign_in_at" datetime, "current_sign_in_ip" varchar, "last_sign_in_ip" varchar, "created_at" datetime NOT NULL, "updated_at" datetime NOT NULL)[0m
  [1m[35m (0.1ms)[0m  [1m[34mselect sqlite_version(*)[0m
  [1m[35m (0.1ms)[0m  [1m[35mCREATE UNIQUE INDEX "index_users_on_email" ON "users" ("email")[0m
  [1m[35m (0.0ms)[0m  [1m[34m            SELECT sql
            FROM sqlite_master
            WHERE name='index_users_on_email' AND type='index'
            UNION ALL
            SELECT sql
            FROM sqlite_temp_master
            WHERE name='index_users_on_email' AND type='index'
[0m
  [1m[35m (0.1ms)[0m  [1m[35mCREATE UNIQUE INDEX "index_users_on_reset_password_token" ON "users" ("reset_password_token")[0m
  [1m[35mSQL (0.2ms)[0m  [1m[32mINSERT INTO "schema_migrations" ("version") VALUES (?)[0m  [["version", "20180113012716"]]
  [1m[35m (2.7ms)[0m  [1m[36mcommit transaction[0m
  [1m[36mActiveRecord::InternalMetadata Load (0.2ms)[0m  [1m[34mSELECT  "ar_internal_metadata".* FROM "ar_internal_metadata" WHERE "ar_internal_metadata"."key" = ? LIMIT ?[0m  [["key", "environment"], ["LIMIT", 1]]
  [1m[35m (0.1ms)[0m  [1m[36mbegin transaction[0m
  [1m[35mSQL (0.5ms)[0m  [1m[32mINSERT INTO "ar_internal_metadata" ("key", "value", "created_at", "updated_at") VALUES (?, ?, ?, ?)[0m  [["key", "environment"], ["value", "development"], ["created_at", "2018-01-13 01:27:34.328489"], ["updated_at", "2018-01-13 01:27:34.328489"]]
  [1m[35m (5.6ms)[0m  [1m[36mcommit transaction[0m
  [1m[36mActiveRecord::SchemaMigration Load (0.1ms)[0m  [1m[34mSELECT "schema_migrations".* FROM "schema_migrations"[0m
  [1m[35m (0.1ms)[0m  [1m[34m            SELECT sql
            FROM sqlite_master
            WHERE name='index_users_on_reset_password_token' AND type='index'
            UNION ALL
            SELECT sql
            FROM sqlite_temp_master
            WHERE name='index_users_on_reset_password_token' AND type='index'
[0m
  [1m[35m (0.1ms)[0m  [1m[34m            SELECT sql
            FROM sqlite_master
            WHERE name='index_users_on_email' AND type='index'
            UNION ALL
            SELECT sql
            FROM sqlite_temp_master
            WHERE name='index_users_on_email' AND type='index'
[0m
Started GET "/users/sign_up" for 127.0.0.1 at 2018-01-12 17:31:28 -0800
  [1m[36mActiveRecord::SchemaMigration Load (0.2ms)[0m  [1m[34mSELECT "schema_migrations".* FROM "schema_migrations"[0m
Processing by Devise::RegistrationsController#new as HTML
  Rendering /Users/danrusu/.rvm/gems/ruby-2.3.3/gems/devise-4.4.0/app/views/devise/registrations/new.html.erb within layouts/application
  Rendered /Users/danrusu/.rvm/gems/ruby-2.3.3/gems/devise-4.4.0/app/views/devise/shared/_links.html.erb (1.8ms)
  Rendered /Users/danrusu/.rvm/gems/ruby-2.3.3/gems/devise-4.4.0/app/views/devise/registrations/new.html.erb within layouts/application (120.0ms)
Completed 200 OK in 541ms (Views: 513.3ms | ActiveRecord: 0.6ms)


Started GET "/users/sign_up" for 127.0.0.1 at 2018-01-12 17:33:44 -0800
Processing by Devise::RegistrationsController#new as HTML
  Rendering /Users/danrusu/.rvm/gems/ruby-2.3.3/gems/devise-4.4.0/app/views/devise/registrations/new.html.erb within layouts/application
  Rendered /Users/danrusu/.rvm/gems/ruby-2.3.3/gems/devise-4.4.0/app/views/devise/shared/_links.html.erb (1.5ms)
  Rendered /Users/danrusu/.rvm/gems/ruby-2.3.3/gems/devise-4.4.0/app/views/devise/registrations/new.html.erb within layouts/application (9.6ms)
Completed 200 OK in 97ms (Views: 57.7ms | ActiveRecord: 0.9ms)


Started GET "/" for 127.0.0.1 at 2018-01-15 08:17:20 -0800
  [1m[36mActiveRecord::SchemaMigration Load (2.8ms)[0m  [1m[34mSELECT "schema_migrations".* FROM "schema_migrations"[0m
  
ActionController::RoutingError (uninitialized constant HomeController):
  
activesupport (5.0.6) lib/active_support/inflector/methods.rb:268:in `const_get'
activesupport (5.0.6) lib/active_support/inflector/methods.rb:268:in `block in constantize'
activesupport (5.0.6) lib/active_support/inflector/methods.rb:266:in `each'
activesupport (5.0.6) lib/active_support/inflector/methods.rb:266:in `inject'
activesupport (5.0.6) lib/active_support/inflector/methods.rb:266:in `constantize'
actionpack (5.0.6) lib/action_dispatch/http/request.rb:81:in `controller_class'
actionpack (5.0.6) lib/action_dispatch/routing/route_set.rb:44:in `controller'
actionpack (5.0.6) lib/action_dispatch/routing/route_set.rb:30:in `serve'
actionpack (5.0.6) lib/action_dispatch/journey/router.rb:39:in `block in serve'
actionpack (5.0.6) lib/action_dispatch/journey/router.rb:26:in `each'
actionpack (5.0.6) lib/action_dispatch/journey/router.rb:26:in `serve'
actionpack (5.0.6) lib/action_dispatch/routing/route_set.rb:727:in `call'
warden (1.2.7) lib/warden/manager.rb:36:in `block in call'
warden (1.2.7) lib/warden/manager.rb:35:in `catch'
warden (1.2.7) lib/warden/manager.rb:35:in `call'
rack (2.0.3) lib/rack/etag.rb:25:in `call'
rack (2.0.3) lib/rack/conditional_get.rb:25:in `call'
rack (2.0.3) lib/rack/head.rb:12:in `call'
rack (2.0.3) lib/rack/session/abstract/id.rb:232:in `context'
rack (2.0.3) lib/rack/session/abstract/id.rb:226:in `call'
actionpack (5.0.6) lib/action_dispatch/middleware/cookies.rb:613:in `call'
activerecord (5.0.6) lib/active_record/migration.rb:553:in `call'
actionpack (5.0.6) lib/action_dispatch/middleware/callbacks.rb:38:in `block in call'
activesupport (5.0.6) lib/active_support/callbacks.rb:97:in `__run_callbacks__'
activesupport (5.0.6) lib/active_support/callbacks.rb:750:in `_run_call_callbacks'
activesupport (5.0.6) lib/active_support/callbacks.rb:90:in `run_callbacks'
actionpack (5.0.6) lib/action_dispatch/middleware/callbacks.rb:36:in `call'
actionpack (5.0.6) lib/action_dispatch/middleware/executor.rb:12:in `call'
actionpack (5.0.6) lib/action_dispatch/middleware/remote_ip.rb:79:in `call'
actionpack (5.0.6) lib/action_dispatch/middleware/debug_exceptions.rb:49:in `call'
web-console (3.5.1) lib/web_console/middleware.rb:135:in `call_app'
web-console (3.5.1) lib/web_console/middleware.rb:28:in `block in call'
web-console (3.5.1) lib/web_console/middleware.rb:18:in `catch'
web-console (3.5.1) lib/web_console/middleware.rb:18:in `call'
actionpack (5.0.6) lib/action_dispatch/middleware/show_exceptions.rb:31:in `call'
railties (5.0.6) lib/rails/rack/logger.rb:36:in `call_app'
railties (5.0.6) lib/rails/rack/logger.rb:24:in `block in call'
activesupport (5.0.6) lib/active_support/tagged_logging.rb:69:in `block in tagged'
activesupport (5.0.6) lib/active_support/tagged_logging.rb:26:in `tagged'
activesupport (5.0.6) lib/active_support/tagged_logging.rb:69:in `tagged'
railties (5.0.6) lib/rails/rack/logger.rb:24:in `call'
sprockets-rails (3.2.1) lib/sprockets/rails/quiet_assets.rb:13:in `call'
actionpack (5.0.6) lib/action_dispatch/middleware/request_id.rb:24:in `call'
rack (2.0.3) lib/rack/method_override.rb:22:in `call'
rack (2.0.3) lib/rack/runtime.rb:22:in `call'
activesupport (5.0.6) lib/active_support/cache/strategy/local_cache_middleware.rb:28:in `call'
actionpack (5.0.6) lib/action_dispatch/middleware/executor.rb:12:in `call'
actionpack (5.0.6) lib/action_dispatch/middleware/static.rb:136:in `call'
rack (2.0.3) lib/rack/sendfile.rb:111:in `call'
railties (5.0.6) lib/rails/engine.rb:522:in `call'
puma (3.11.0) lib/puma/configuration.rb:225:in `call'
puma (3.11.0) lib/puma/server.rb:624:in `handle_request'
puma (3.11.0) lib/puma/server.rb:438:in `process_client'
puma (3.11.0) lib/puma/server.rb:302:in `block in run'
puma (3.11.0) lib/puma/thread_pool.rb:120:in `block in spawn_thread'
  Rendering /Users/danrusu/.rvm/gems/ruby-2.3.3/gems/actionpack-5.0.6/lib/action_dispatch/middleware/templates/rescues/routing_error.html.erb within rescues/layout
  Rendering /Users/danrusu/.rvm/gems/ruby-2.3.3/gems/actionpack-5.0.6/lib/action_dispatch/middleware/templates/rescues/_trace.html.erb
  Rendered /Users/danrusu/.rvm/gems/ruby-2.3.3/gems/actionpack-5.0.6/lib/action_dispatch/middleware/templates/rescues/_trace.html.erb (2.4ms)
  Rendered collection of /Users/danrusu/.rvm/gems/ruby-2.3.3/gems/actionpack-5.0.6/lib/action_dispatch/middleware/templates/routes/_route.html.erb [16 times] (8.7ms)
  Rendered /Users/danrusu/.rvm/gems/ruby-2.3.3/gems/actionpack-5.0.6/lib/action_dispatch/middleware/templates/routes/_table.html.erb (19.2ms)
  Rendering /Users/danrusu/.rvm/gems/ruby-2.3.3/gems/actionpack-5.0.6/lib/action_dispatch/middleware/templates/rescues/_request_and_response.html.erb
  Rendered /Users/danrusu/.rvm/gems/ruby-2.3.3/gems/actionpack-5.0.6/lib/action_dispatch/middleware/templates/rescues/_request_and_response.html.erb (15.1ms)
  Rendered /Users/danrusu/.rvm/gems/ruby-2.3.3/gems/actionpack-5.0.6/lib/action_dispatch/middleware/templates/rescues/routing_error.html.erb within rescues/layout (173.3ms)
Started GET "/" for 127.0.0.1 at 2018-01-15 08:17:33 -0800
  
ActionController::RoutingError (uninitialized constant HomeController):
  
activesupport (5.0.6) lib/active_support/inflector/methods.rb:268:in `const_get'
activesupport (5.0.6) lib/active_support/inflector/methods.rb:268:in `block in constantize'
activesupport (5.0.6) lib/active_support/inflector/methods.rb:266:in `each'
activesupport (5.0.6) lib/active_support/inflector/methods.rb:266:in `inject'
activesupport (5.0.6) lib/active_support/inflector/methods.rb:266:in `constantize'
actionpack (5.0.6) lib/action_dispatch/http/request.rb:81:in `controller_class'
actionpack (5.0.6) lib/action_dispatch/routing/route_set.rb:44:in `controller'
actionpack (5.0.6) lib/action_dispatch/routing/route_set.rb:30:in `serve'
actionpack (5.0.6) lib/action_dispatch/journey/router.rb:39:in `block in serve'
actionpack (5.0.6) lib/action_dispatch/journey/router.rb:26:in `each'
actionpack (5.0.6) lib/action_dispatch/journey/router.rb:26:in `serve'
actionpack (5.0.6) lib/action_dispatch/routing/route_set.rb:727:in `call'
warden (1.2.7) lib/warden/manager.rb:36:in `block in call'
warden (1.2.7) lib/warden/manager.rb:35:in `catch'
warden (1.2.7) lib/warden/manager.rb:35:in `call'
rack (2.0.3) lib/rack/etag.rb:25:in `call'
rack (2.0.3) lib/rack/conditional_get.rb:25:in `call'
rack (2.0.3) lib/rack/head.rb:12:in `call'
rack (2.0.3) lib/rack/session/abstract/id.rb:232:in `context'
rack (2.0.3) lib/rack/session/abstract/id.rb:226:in `call'
actionpack (5.0.6) lib/action_dispatch/middleware/cookies.rb:613:in `call'
activerecord (5.0.6) lib/active_record/migration.rb:553:in `call'
actionpack (5.0.6) lib/action_dispatch/middleware/callbacks.rb:38:in `block in call'
activesupport (5.0.6) lib/active_support/callbacks.rb:97:in `__run_callbacks__'
activesupport (5.0.6) lib/active_support/callbacks.rb:750:in `_run_call_callbacks'
activesupport (5.0.6) lib/active_support/callbacks.rb:90:in `run_callbacks'
actionpack (5.0.6) lib/action_dispatch/middleware/callbacks.rb:36:in `call'
actionpack (5.0.6) lib/action_dispatch/middleware/executor.rb:12:in `call'
actionpack (5.0.6) lib/action_dispatch/middleware/remote_ip.rb:79:in `call'
actionpack (5.0.6) lib/action_dispatch/middleware/debug_exceptions.rb:49:in `call'
web-console (3.5.1) lib/web_console/middleware.rb:135:in `call_app'
web-console (3.5.1) lib/web_console/middleware.rb:28:in `block in call'
web-console (3.5.1) lib/web_console/middleware.rb:18:in `catch'
web-console (3.5.1) lib/web_console/middleware.rb:18:in `call'
actionpack (5.0.6) lib/action_dispatch/middleware/show_exceptions.rb:31:in `call'
railties (5.0.6) lib/rails/rack/logger.rb:36:in `call_app'
railties (5.0.6) lib/rails/rack/logger.rb:24:in `block in call'
activesupport (5.0.6) lib/active_support/tagged_logging.rb:69:in `block in tagged'
activesupport (5.0.6) lib/active_support/tagged_logging.rb:26:in `tagged'
activesupport (5.0.6) lib/active_support/tagged_logging.rb:69:in `tagged'
railties (5.0.6) lib/rails/rack/logger.rb:24:in `call'
sprockets-rails (3.2.1) lib/sprockets/rails/quiet_assets.rb:13:in `call'
actionpack (5.0.6) lib/action_dispatch/middleware/request_id.rb:24:in `call'
rack (2.0.3) lib/rack/method_override.rb:22:in `call'
rack (2.0.3) lib/rack/runtime.rb:22:in `call'
activesupport (5.0.6) lib/active_support/cache/strategy/local_cache_middleware.rb:28:in `call'
actionpack (5.0.6) lib/action_dispatch/middleware/executor.rb:12:in `call'
actionpack (5.0.6) lib/action_dispatch/middleware/static.rb:136:in `call'
rack (2.0.3) lib/rack/sendfile.rb:111:in `call'
railties (5.0.6) lib/rails/engine.rb:522:in `call'
puma (3.11.0) lib/puma/configuration.rb:225:in `call'
puma (3.11.0) lib/puma/server.rb:624:in `handle_request'
puma (3.11.0) lib/puma/server.rb:438:in `process_client'
puma (3.11.0) lib/puma/server.rb:302:in `block in run'
puma (3.11.0) lib/puma/thread_pool.rb:120:in `block in spawn_thread'
  Rendering /Users/danrusu/.rvm/gems/ruby-2.3.3/gems/actionpack-5.0.6/lib/action_dispatch/middleware/templates/rescues/routing_error.html.erb within rescues/layout
  Rendering /Users/danrusu/.rvm/gems/ruby-2.3.3/gems/actionpack-5.0.6/lib/action_dispatch/middleware/templates/rescues/_trace.html.erb
  Rendered /Users/danrusu/.rvm/gems/ruby-2.3.3/gems/actionpack-5.0.6/lib/action_dispatch/middleware/templates/rescues/_trace.html.erb (1.7ms)
  Rendered collection of /Users/danrusu/.rvm/gems/ruby-2.3.3/gems/actionpack-5.0.6/lib/action_dispatch/middleware/templates/routes/_route.html.erb [16 times] (4.0ms)
  Rendered /Users/danrusu/.rvm/gems/ruby-2.3.3/gems/actionpack-5.0.6/lib/action_dispatch/middleware/templates/routes/_table.html.erb (1.1ms)
  Rendering /Users/danrusu/.rvm/gems/ruby-2.3.3/gems/actionpack-5.0.6/lib/action_dispatch/middleware/templates/rescues/_request_and_response.html.erb
  Rendered /Users/danrusu/.rvm/gems/ruby-2.3.3/gems/actionpack-5.0.6/lib/action_dispatch/middleware/templates/rescues/_request_and_response.html.erb (1.1ms)
  Rendered /Users/danrusu/.rvm/gems/ruby-2.3.3/gems/actionpack-5.0.6/lib/action_dispatch/middleware/templates/rescues/routing_error.html.erb within rescues/layout (104.4ms)
Started GET "/users/sign_in" for 127.0.0.1 at 2018-01-15 08:17:38 -0800
Processing by Devise::SessionsController#new as HTML
  Rendering /Users/danrusu/.rvm/gems/ruby-2.3.3/gems/devise-4.4.0/app/views/devise/sessions/new.html.erb within layouts/application
  Rendered /Users/danrusu/.rvm/gems/ruby-2.3.3/gems/devise-4.4.0/app/views/devise/shared/_links.html.erb (2.4ms)
  Rendered /Users/danrusu/.rvm/gems/ruby-2.3.3/gems/devise-4.4.0/app/views/devise/sessions/new.html.erb within layouts/application (78.7ms)
Completed 200 OK in 472ms (Views: 446.0ms | ActiveRecord: 0.9ms)


Started GET "/users" for 127.0.0.1 at 2018-01-15 08:17:43 -0800
  
ActionController::RoutingError (No route matches [GET] "/users"):
  
actionpack (5.0.6) lib/action_dispatch/middleware/debug_exceptions.rb:53:in `call'
web-console (3.5.1) lib/web_console/middleware.rb:135:in `call_app'
web-console (3.5.1) lib/web_console/middleware.rb:28:in `block in call'
web-console (3.5.1) lib/web_console/middleware.rb:18:in `catch'
web-console (3.5.1) lib/web_console/middleware.rb:18:in `call'
actionpack (5.0.6) lib/action_dispatch/middleware/show_exceptions.rb:31:in `call'
railties (5.0.6) lib/rails/rack/logger.rb:36:in `call_app'
railties (5.0.6) lib/rails/rack/logger.rb:24:in `block in call'
activesupport (5.0.6) lib/active_support/tagged_logging.rb:69:in `block in tagged'
activesupport (5.0.6) lib/active_support/tagged_logging.rb:26:in `tagged'
activesupport (5.0.6) lib/active_support/tagged_logging.rb:69:in `tagged'
railties (5.0.6) lib/rails/rack/logger.rb:24:in `call'
sprockets-rails (3.2.1) lib/sprockets/rails/quiet_assets.rb:13:in `call'
actionpack (5.0.6) lib/action_dispatch/middleware/request_id.rb:24:in `call'
rack (2.0.3) lib/rack/method_override.rb:22:in `call'
rack (2.0.3) lib/rack/runtime.rb:22:in `call'
activesupport (5.0.6) lib/active_support/cache/strategy/local_cache_middleware.rb:28:in `call'
actionpack (5.0.6) lib/action_dispatch/middleware/executor.rb:12:in `call'
actionpack (5.0.6) lib/action_dispatch/middleware/static.rb:136:in `call'
rack (2.0.3) lib/rack/sendfile.rb:111:in `call'
railties (5.0.6) lib/rails/engine.rb:522:in `call'
puma (3.11.0) lib/puma/configuration.rb:225:in `call'
puma (3.11.0) lib/puma/server.rb:624:in `handle_request'
puma (3.11.0) lib/puma/server.rb:438:in `process_client'
puma (3.11.0) lib/puma/server.rb:302:in `block in run'
puma (3.11.0) lib/puma/thread_pool.rb:120:in `block in spawn_thread'
  Rendering /Users/danrusu/.rvm/gems/ruby-2.3.3/gems/actionpack-5.0.6/lib/action_dispatch/middleware/templates/rescues/routing_error.html.erb within rescues/layout
  Rendering /Users/danrusu/.rvm/gems/ruby-2.3.3/gems/actionpack-5.0.6/lib/action_dispatch/middleware/templates/rescues/_trace.html.erb
  Rendered /Users/danrusu/.rvm/gems/ruby-2.3.3/gems/actionpack-5.0.6/lib/action_dispatch/middleware/templates/rescues/_trace.html.erb (1.1ms)
  Rendered collection of /Users/danrusu/.rvm/gems/ruby-2.3.3/gems/actionpack-5.0.6/lib/action_dispatch/middleware/templates/routes/_route.html.erb [16 times] (4.4ms)
  Rendered /Users/danrusu/.rvm/gems/ruby-2.3.3/gems/actionpack-5.0.6/lib/action_dispatch/middleware/templates/routes/_table.html.erb (1.0ms)
  Rendering /Users/danrusu/.rvm/gems/ruby-2.3.3/gems/actionpack-5.0.6/lib/action_dispatch/middleware/templates/rescues/_request_and_response.html.erb
  Rendered /Users/danrusu/.rvm/gems/ruby-2.3.3/gems/actionpack-5.0.6/lib/action_dispatch/middleware/templates/rescues/_request_and_response.html.erb (1.1ms)
  Rendered /Users/danrusu/.rvm/gems/ruby-2.3.3/gems/actionpack-5.0.6/lib/action_dispatch/middleware/templates/rescues/routing_error.html.erb within rescues/layout (105.4ms)
Started GET "/users/sign_in" for 127.0.0.1 at 2018-01-15 08:17:47 -0800
Processing by Devise::SessionsController#new as HTML
  Rendering /Users/danrusu/.rvm/gems/ruby-2.3.3/gems/devise-4.4.0/app/views/devise/sessions/new.html.erb within layouts/application
  Rendered /Users/danrusu/.rvm/gems/ruby-2.3.3/gems/devise-4.4.0/app/views/devise/shared/_links.html.erb (1.0ms)
  Rendered /Users/danrusu/.rvm/gems/ruby-2.3.3/gems/devise-4.4.0/app/views/devise/sessions/new.html.erb within layouts/application (8.1ms)
Completed 200 OK in 44ms (Views: 43.2ms | ActiveRecord: 0.0ms)


Started GET "/users/" for 127.0.0.1 at 2018-01-15 08:17:50 -0800
  
ActionController::RoutingError (No route matches [GET] "/users"):
  
actionpack (5.0.6) lib/action_dispatch/middleware/debug_exceptions.rb:53:in `call'
web-console (3.5.1) lib/web_console/middleware.rb:135:in `call_app'
web-console (3.5.1) lib/web_console/middleware.rb:28:in `block in call'
web-console (3.5.1) lib/web_console/middleware.rb:18:in `catch'
web-console (3.5.1) lib/web_console/middleware.rb:18:in `call'
actionpack (5.0.6) lib/action_dispatch/middleware/show_exceptions.rb:31:in `call'
railties (5.0.6) lib/rails/rack/logger.rb:36:in `call_app'
railties (5.0.6) lib/rails/rack/logger.rb:24:in `block in call'
activesupport (5.0.6) lib/active_support/tagged_logging.rb:69:in `block in tagged'
activesupport (5.0.6) lib/active_support/tagged_logging.rb:26:in `tagged'
activesupport (5.0.6) lib/active_support/tagged_logging.rb:69:in `tagged'
railties (5.0.6) lib/rails/rack/logger.rb:24:in `call'
sprockets-rails (3.2.1) lib/sprockets/rails/quiet_assets.rb:13:in `call'
actionpack (5.0.6) lib/action_dispatch/middleware/request_id.rb:24:in `call'
rack (2.0.3) lib/rack/method_override.rb:22:in `call'
rack (2.0.3) lib/rack/runtime.rb:22:in `call'
activesupport (5.0.6) lib/active_support/cache/strategy/local_cache_middleware.rb:28:in `call'
actionpack (5.0.6) lib/action_dispatch/middleware/executor.rb:12:in `call'
actionpack (5.0.6) lib/action_dispatch/middleware/static.rb:136:in `call'
rack (2.0.3) lib/rack/sendfile.rb:111:in `call'
railties (5.0.6) lib/rails/engine.rb:522:in `call'
puma (3.11.0) lib/puma/configuration.rb:225:in `call'
puma (3.11.0) lib/puma/server.rb:624:in `handle_request'
puma (3.11.0) lib/puma/server.rb:438:in `process_client'
puma (3.11.0) lib/puma/server.rb:302:in `block in run'
puma (3.11.0) lib/puma/thread_pool.rb:120:in `block in spawn_thread'
  Rendering /Users/danrusu/.rvm/gems/ruby-2.3.3/gems/actionpack-5.0.6/lib/action_dispatch/middleware/templates/rescues/routing_error.html.erb within rescues/layout
  Rendering /Users/danrusu/.rvm/gems/ruby-2.3.3/gems/actionpack-5.0.6/lib/action_dispatch/middleware/templates/rescues/_trace.html.erb
  Rendered /Users/danrusu/.rvm/gems/ruby-2.3.3/gems/actionpack-5.0.6/lib/action_dispatch/middleware/templates/rescues/_trace.html.erb (1.3ms)
  Rendered collection of /Users/danrusu/.rvm/gems/ruby-2.3.3/gems/actionpack-5.0.6/lib/action_dispatch/middleware/templates/routes/_route.html.erb [16 times] (5.1ms)
  Rendered /Users/danrusu/.rvm/gems/ruby-2.3.3/gems/actionpack-5.0.6/lib/action_dispatch/middleware/templates/routes/_table.html.erb (1.7ms)
  Rendering /Users/danrusu/.rvm/gems/ruby-2.3.3/gems/actionpack-5.0.6/lib/action_dispatch/middleware/templates/rescues/_request_and_response.html.erb
  Rendered /Users/danrusu/.rvm/gems/ruby-2.3.3/gems/actionpack-5.0.6/lib/action_dispatch/middleware/templates/rescues/_request_and_response.html.erb (1.0ms)
  Rendered /Users/danrusu/.rvm/gems/ruby-2.3.3/gems/actionpack-5.0.6/lib/action_dispatch/middleware/templates/rescues/routing_error.html.erb within rescues/layout (116.5ms)
Started GET "/users/sign_in" for 127.0.0.1 at 2018-01-15 08:18:06 -0800
  
ArgumentError (Missing :controller key on routes definition, please check your routes.):
  
config/routes.rb:3:in `block in <top (required)>'
config/routes.rb:1:in `<top (required)>'
  Rendering /Users/danrusu/.rvm/gems/ruby-2.3.3/gems/actionpack-5.0.6/lib/action_dispatch/middleware/templates/rescues/diagnostics.html.erb within rescues/layout
  Rendering /Users/danrusu/.rvm/gems/ruby-2.3.3/gems/actionpack-5.0.6/lib/action_dispatch/middleware/templates/rescues/_source.html.erb
  Rendered /Users/danrusu/.rvm/gems/ruby-2.3.3/gems/actionpack-5.0.6/lib/action_dispatch/middleware/templates/rescues/_source.html.erb (5.1ms)
  Rendering /Users/danrusu/.rvm/gems/ruby-2.3.3/gems/actionpack-5.0.6/lib/action_dispatch/middleware/templates/rescues/_trace.html.erb
  Rendered /Users/danrusu/.rvm/gems/ruby-2.3.3/gems/actionpack-5.0.6/lib/action_dispatch/middleware/templates/rescues/_trace.html.erb (2.2ms)
  Rendering /Users/danrusu/.rvm/gems/ruby-2.3.3/gems/actionpack-5.0.6/lib/action_dispatch/middleware/templates/rescues/_request_and_response.html.erb
  Rendered /Users/danrusu/.rvm/gems/ruby-2.3.3/gems/actionpack-5.0.6/lib/action_dispatch/middleware/templates/rescues/_request_and_response.html.erb (0.8ms)
  Rendered /Users/danrusu/.rvm/gems/ruby-2.3.3/gems/actionpack-5.0.6/lib/action_dispatch/middleware/templates/rescues/diagnostics.html.erb within rescues/layout (92.2ms)
Started GET "/users/sign_up" for 127.0.0.1 at 2018-01-15 08:18:15 -0800
Processing by Devise::RegistrationsController#new as HTML
  Rendering /Users/danrusu/.rvm/gems/ruby-2.3.3/gems/devise-4.4.0/app/views/devise/registrations/new.html.erb within layouts/application
  Rendered /Users/danrusu/.rvm/gems/ruby-2.3.3/gems/devise-4.4.0/app/views/devise/shared/_links.html.erb (1.2ms)
  Rendered /Users/danrusu/.rvm/gems/ruby-2.3.3/gems/devise-4.4.0/app/views/devise/registrations/new.html.erb within layouts/application (8.5ms)
Completed 200 OK in 67ms (Views: 48.9ms | ActiveRecord: 0.7ms)


Started GET "/users/sign_in" for 127.0.0.1 at 2018-01-15 08:18:19 -0800
Processing by Devise::SessionsController#new as HTML
  Rendering /Users/danrusu/.rvm/gems/ruby-2.3.3/gems/devise-4.4.0/app/views/devise/sessions/new.html.erb within layouts/application
  Rendered /Users/danrusu/.rvm/gems/ruby-2.3.3/gems/devise-4.4.0/app/views/devise/shared/_links.html.erb (1.4ms)
  Rendered /Users/danrusu/.rvm/gems/ruby-2.3.3/gems/devise-4.4.0/app/views/devise/sessions/new.html.erb within layouts/application (9.2ms)
Completed 200 OK in 45ms (Views: 43.8ms | ActiveRecord: 0.0ms)


Started GET "/users/" for 127.0.0.1 at 2018-01-15 08:19:08 -0800
  
NameError (uninitialized constant RailsAdmin):
  
config/routes.rb:2:in `block in <top (required)>'
config/routes.rb:1:in `<top (required)>'
  Rendering /Users/danrusu/.rvm/gems/ruby-2.3.3/gems/actionpack-5.0.6/lib/action_dispatch/middleware/templates/rescues/diagnostics.html.erb within rescues/layout
  Rendering /Users/danrusu/.rvm/gems/ruby-2.3.3/gems/actionpack-5.0.6/lib/action_dispatch/middleware/templates/rescues/_source.html.erb
  Rendered /Users/danrusu/.rvm/gems/ruby-2.3.3/gems/actionpack-5.0.6/lib/action_dispatch/middleware/templates/rescues/_source.html.erb (2.3ms)
  Rendering /Users/danrusu/.rvm/gems/ruby-2.3.3/gems/actionpack-5.0.6/lib/action_dispatch/middleware/templates/rescues/_trace.html.erb
  Rendered /Users/danrusu/.rvm/gems/ruby-2.3.3/gems/actionpack-5.0.6/lib/action_dispatch/middleware/templates/rescues/_trace.html.erb (1.5ms)
  Rendering /Users/danrusu/.rvm/gems/ruby-2.3.3/gems/actionpack-5.0.6/lib/action_dispatch/middleware/templates/rescues/_request_and_response.html.erb
  Rendered /Users/danrusu/.rvm/gems/ruby-2.3.3/gems/actionpack-5.0.6/lib/action_dispatch/middleware/templates/rescues/_request_and_response.html.erb (0.7ms)
  Rendered /Users/danrusu/.rvm/gems/ruby-2.3.3/gems/actionpack-5.0.6/lib/action_dispatch/middleware/templates/rescues/diagnostics.html.erb within rescues/layout (75.9ms)
Started GET "/reports/" for 127.0.0.1 at 2018-01-15 08:24:52 -0800
  
ArgumentError (Missing :controller key on routes definition, please check your routes.):
  
config/routes.rb:3:in `block in <top (required)>'
config/routes.rb:1:in `<top (required)>'
  Rendering /Users/danrusu/.rvm/gems/ruby-2.3.3/gems/actionpack-5.0.6/lib/action_dispatch/middleware/templates/rescues/diagnostics.html.erb within rescues/layout
  Rendering /Users/danrusu/.rvm/gems/ruby-2.3.3/gems/actionpack-5.0.6/lib/action_dispatch/middleware/templates/rescues/_source.html.erb
  Rendered /Users/danrusu/.rvm/gems/ruby-2.3.3/gems/actionpack-5.0.6/lib/action_dispatch/middleware/templates/rescues/_source.html.erb (5.1ms)
  Rendering /Users/danrusu/.rvm/gems/ruby-2.3.3/gems/actionpack-5.0.6/lib/action_dispatch/middleware/templates/rescues/_trace.html.erb
  Rendered /Users/danrusu/.rvm/gems/ruby-2.3.3/gems/actionpack-5.0.6/lib/action_dispatch/middleware/templates/rescues/_trace.html.erb (1.6ms)
  Rendering /Users/danrusu/.rvm/gems/ruby-2.3.3/gems/actionpack-5.0.6/lib/action_dispatch/middleware/templates/rescues/_request_and_response.html.erb
  Rendered /Users/danrusu/.rvm/gems/ruby-2.3.3/gems/actionpack-5.0.6/lib/action_dispatch/middleware/templates/rescues/_request_and_response.html.erb (0.7ms)
  Rendered /Users/danrusu/.rvm/gems/ruby-2.3.3/gems/actionpack-5.0.6/lib/action_dispatch/middleware/templates/rescues/diagnostics.html.erb within rescues/layout (97.7ms)
Started GET "/" for 127.0.0.1 at 2018-01-15 08:25:42 -0800
  
ActionController::RoutingError (No route matches [GET] "/"):
  
actionpack (5.0.6) lib/action_dispatch/middleware/debug_exceptions.rb:53:in `call'
web-console (3.5.1) lib/web_console/middleware.rb:135:in `call_app'
web-console (3.5.1) lib/web_console/middleware.rb:28:in `block in call'
web-console (3.5.1) lib/web_console/middleware.rb:18:in `catch'
web-console (3.5.1) lib/web_console/middleware.rb:18:in `call'
actionpack (5.0.6) lib/action_dispatch/middleware/show_exceptions.rb:31:in `call'
railties (5.0.6) lib/rails/rack/logger.rb:36:in `call_app'
railties (5.0.6) lib/rails/rack/logger.rb:24:in `block in call'
activesupport (5.0.6) lib/active_support/tagged_logging.rb:69:in `block in tagged'
activesupport (5.0.6) lib/active_support/tagged_logging.rb:26:in `tagged'
activesupport (5.0.6) lib/active_support/tagged_logging.rb:69:in `tagged'
railties (5.0.6) lib/rails/rack/logger.rb:24:in `call'
sprockets-rails (3.2.1) lib/sprockets/rails/quiet_assets.rb:13:in `call'
actionpack (5.0.6) lib/action_dispatch/middleware/request_id.rb:24:in `call'
rack (2.0.3) lib/rack/method_override.rb:22:in `call'
rack (2.0.3) lib/rack/runtime.rb:22:in `call'
activesupport (5.0.6) lib/active_support/cache/strategy/local_cache_middleware.rb:28:in `call'
actionpack (5.0.6) lib/action_dispatch/middleware/executor.rb:12:in `call'
actionpack (5.0.6) lib/action_dispatch/middleware/static.rb:136:in `call'
rack (2.0.3) lib/rack/sendfile.rb:111:in `call'
railties (5.0.6) lib/rails/engine.rb:522:in `call'
puma (3.11.0) lib/puma/configuration.rb:225:in `call'
puma (3.11.0) lib/puma/server.rb:624:in `handle_request'
puma (3.11.0) lib/puma/server.rb:438:in `process_client'
puma (3.11.0) lib/puma/server.rb:302:in `block in run'
puma (3.11.0) lib/puma/thread_pool.rb:120:in `block in spawn_thread'
  Rendering /Users/danrusu/.rvm/gems/ruby-2.3.3/gems/actionpack-5.0.6/lib/action_dispatch/middleware/templates/rescues/routing_error.html.erb within rescues/layout
  Rendering /Users/danrusu/.rvm/gems/ruby-2.3.3/gems/actionpack-5.0.6/lib/action_dispatch/middleware/templates/rescues/_trace.html.erb
  Rendered /Users/danrusu/.rvm/gems/ruby-2.3.3/gems/actionpack-5.0.6/lib/action_dispatch/middleware/templates/rescues/_trace.html.erb (0.9ms)
  Rendered collection of /Users/danrusu/.rvm/gems/ruby-2.3.3/gems/actionpack-5.0.6/lib/action_dispatch/middleware/templates/routes/_route.html.erb [15 times] (3.5ms)
  Rendered /Users/danrusu/.rvm/gems/ruby-2.3.3/gems/actionpack-5.0.6/lib/action_dispatch/middleware/templates/routes/_table.html.erb (1.2ms)
  Rendering /Users/danrusu/.rvm/gems/ruby-2.3.3/gems/actionpack-5.0.6/lib/action_dispatch/middleware/templates/rescues/_request_and_response.html.erb
  Rendered /Users/danrusu/.rvm/gems/ruby-2.3.3/gems/actionpack-5.0.6/lib/action_dispatch/middleware/templates/rescues/_request_and_response.html.erb (1.2ms)
  Rendered /Users/danrusu/.rvm/gems/ruby-2.3.3/gems/actionpack-5.0.6/lib/action_dispatch/middleware/templates/rescues/routing_error.html.erb within rescues/layout (116.7ms)
Started GET "/" for 127.0.0.1 at 2018-01-15 08:25:55 -0800
Processing by Rails::WelcomeController#index as HTML
  Parameters: {"internal"=>true}
  Rendering /Users/danrusu/.rvm/gems/ruby-2.3.3/gems/railties-5.0.6/lib/rails/templates/rails/welcome/index.html.erb
  Rendered /Users/danrusu/.rvm/gems/ruby-2.3.3/gems/railties-5.0.6/lib/rails/templates/rails/welcome/index.html.erb (2.9ms)
Completed 200 OK in 14ms (Views: 7.2ms | ActiveRecord: 0.0ms)


Started GET "/reports" for 127.0.0.1 at 2018-01-15 08:26:39 -0800
  
AbstractController::ActionNotFound (The action 'index' could not be found for ReportsController):
  
actionpack (5.0.6) lib/abstract_controller/base.rb:121:in `process'
actionview (5.0.6) lib/action_view/rendering.rb:30:in `process'
actionpack (5.0.6) lib/action_controller/metal.rb:190:in `dispatch'
actionpack (5.0.6) lib/action_controller/metal.rb:262:in `dispatch'
actionpack (5.0.6) lib/action_dispatch/routing/route_set.rb:50:in `dispatch'
actionpack (5.0.6) lib/action_dispatch/routing/route_set.rb:32:in `serve'
actionpack (5.0.6) lib/action_dispatch/journey/router.rb:39:in `block in serve'
actionpack (5.0.6) lib/action_dispatch/journey/router.rb:26:in `each'
actionpack (5.0.6) lib/action_dispatch/journey/router.rb:26:in `serve'
actionpack (5.0.6) lib/action_dispatch/routing/route_set.rb:727:in `call'
warden (1.2.7) lib/warden/manager.rb:36:in `block in call'
warden (1.2.7) lib/warden/manager.rb:35:in `catch'
warden (1.2.7) lib/warden/manager.rb:35:in `call'
rack (2.0.3) lib/rack/etag.rb:25:in `call'
rack (2.0.3) lib/rack/conditional_get.rb:25:in `call'
rack (2.0.3) lib/rack/head.rb:12:in `call'
rack (2.0.3) lib/rack/session/abstract/id.rb:232:in `context'
rack (2.0.3) lib/rack/session/abstract/id.rb:226:in `call'
actionpack (5.0.6) lib/action_dispatch/middleware/cookies.rb:613:in `call'
activerecord (5.0.6) lib/active_record/migration.rb:553:in `call'
actionpack (5.0.6) lib/action_dispatch/middleware/callbacks.rb:38:in `block in call'
activesupport (5.0.6) lib/active_support/callbacks.rb:97:in `__run_callbacks__'
activesupport (5.0.6) lib/active_support/callbacks.rb:750:in `_run_call_callbacks'
activesupport (5.0.6) lib/active_support/callbacks.rb:90:in `run_callbacks'
actionpack (5.0.6) lib/action_dispatch/middleware/callbacks.rb:36:in `call'
actionpack (5.0.6) lib/action_dispatch/middleware/executor.rb:12:in `call'
actionpack (5.0.6) lib/action_dispatch/middleware/remote_ip.rb:79:in `call'
actionpack (5.0.6) lib/action_dispatch/middleware/debug_exceptions.rb:49:in `call'
web-console (3.5.1) lib/web_console/middleware.rb:135:in `call_app'
web-console (3.5.1) lib/web_console/middleware.rb:28:in `block in call'
web-console (3.5.1) lib/web_console/middleware.rb:18:in `catch'
web-console (3.5.1) lib/web_console/middleware.rb:18:in `call'
actionpack (5.0.6) lib/action_dispatch/middleware/show_exceptions.rb:31:in `call'
railties (5.0.6) lib/rails/rack/logger.rb:36:in `call_app'
railties (5.0.6) lib/rails/rack/logger.rb:24:in `block in call'
activesupport (5.0.6) lib/active_support/tagged_logging.rb:69:in `block in tagged'
activesupport (5.0.6) lib/active_support/tagged_logging.rb:26:in `tagged'
activesupport (5.0.6) lib/active_support/tagged_logging.rb:69:in `tagged'
railties (5.0.6) lib/rails/rack/logger.rb:24:in `call'
sprockets-rails (3.2.1) lib/sprockets/rails/quiet_assets.rb:13:in `call'
actionpack (5.0.6) lib/action_dispatch/middleware/request_id.rb:24:in `call'
rack (2.0.3) lib/rack/method_override.rb:22:in `call'
rack (2.0.3) lib/rack/runtime.rb:22:in `call'
activesupport (5.0.6) lib/active_support/cache/strategy/local_cache_middleware.rb:28:in `call'
actionpack (5.0.6) lib/action_dispatch/middleware/executor.rb:12:in `call'
actionpack (5.0.6) lib/action_dispatch/middleware/static.rb:136:in `call'
rack (2.0.3) lib/rack/sendfile.rb:111:in `call'
railties (5.0.6) lib/rails/engine.rb:522:in `call'
puma (3.11.0) lib/puma/configuration.rb:225:in `call'
puma (3.11.0) lib/puma/server.rb:624:in `handle_request'
puma (3.11.0) lib/puma/server.rb:438:in `process_client'
puma (3.11.0) lib/puma/server.rb:302:in `block in run'
puma (3.11.0) lib/puma/thread_pool.rb:120:in `block in spawn_thread'
  Rendering /Users/danrusu/.rvm/gems/ruby-2.3.3/gems/actionpack-5.0.6/lib/action_dispatch/middleware/templates/rescues/unknown_action.html.erb within rescues/layout
  Rendered /Users/danrusu/.rvm/gems/ruby-2.3.3/gems/actionpack-5.0.6/lib/action_dispatch/middleware/templates/rescues/unknown_action.html.erb within rescues/layout (0.4ms)
  [1m[36mActiveRecord::SchemaMigration Load (0.1ms)[0m  [1m[34mSELECT "schema_migrations".* FROM "schema_migrations"[0m
Migrating to CreateReports (20180115163525)
  [1m[35m (0.1ms)[0m  [1m[36mbegin transaction[0m
  [1m[35m (0.8ms)[0m  [1m[35mCREATE TABLE "reports" ("id" INTEGER PRIMARY KEY AUTOINCREMENT NOT NULL, "date_of_call" datetime, "caller_id" varchar, "category" varchar, "city" varchar, "zip" varchar, "screen" varchar, "post_screen" varchar, "total_duration" varchar, "disposition" varchar, "payout" float, "created_at" datetime NOT NULL, "updated_at" datetime NOT NULL)[0m
  [1m[35mSQL (0.3ms)[0m  [1m[32mINSERT INTO "schema_migrations" ("version") VALUES (?)[0m  [["version", "20180115163525"]]
  [1m[35m (2.0ms)[0m  [1m[36mcommit transaction[0m
  [1m[36mActiveRecord::InternalMetadata Load (2.2ms)[0m  [1m[34mSELECT  "ar_internal_metadata".* FROM "ar_internal_metadata" WHERE "ar_internal_metadata"."key" = ? LIMIT ?[0m  [["key", "environment"], ["LIMIT", 1]]
  [1m[35m (0.1ms)[0m  [1m[36mbegin transaction[0m
  [1m[35m (0.1ms)[0m  [1m[36mcommit transaction[0m
  [1m[36mActiveRecord::SchemaMigration Load (0.1ms)[0m  [1m[34mSELECT "schema_migrations".* FROM "schema_migrations"[0m
  [1m[35m (0.1ms)[0m  [1m[34m            SELECT sql
            FROM sqlite_master
            WHERE name='index_users_on_reset_password_token' AND type='index'
            UNION ALL
            SELECT sql
            FROM sqlite_temp_master
            WHERE name='index_users_on_reset_password_token' AND type='index'
[0m
  [1m[35m (0.1ms)[0m  [1m[34m            SELECT sql
            FROM sqlite_master
            WHERE name='index_users_on_email' AND type='index'
            UNION ALL
            SELECT sql
            FROM sqlite_temp_master
            WHERE name='index_users_on_email' AND type='index'
[0m
Started GET "/reports" for 127.0.0.1 at 2018-01-15 08:38:11 -0800
  [1m[36mActiveRecord::SchemaMigration Load (0.1ms)[0m  [1m[34mSELECT "schema_migrations".* FROM "schema_migrations"[0m
Processing by ReportsController#index as HTML
Completed 401 Unauthorized in 4ms (ActiveRecord: 0.0ms)


Started GET "/users/sign_in" for 127.0.0.1 at 2018-01-15 08:38:11 -0800
Processing by Devise::SessionsController#new as HTML
  Rendering /Users/danrusu/.rvm/gems/ruby-2.3.3/gems/devise-4.4.0/app/views/devise/sessions/new.html.erb within layouts/application
  Rendered /Users/danrusu/.rvm/gems/ruby-2.3.3/gems/devise-4.4.0/app/views/devise/shared/_links.html.erb (1.4ms)
  Rendered /Users/danrusu/.rvm/gems/ruby-2.3.3/gems/devise-4.4.0/app/views/devise/sessions/new.html.erb within layouts/application (10.1ms)
Completed 200 OK in 854ms (Views: 838.4ms | ActiveRecord: 1.0ms)


  [1m[36mUser Load (4.8ms)[0m  [1m[34mSELECT "users".* FROM "users"[0m
  [1m[36mUser Load (0.2ms)[0m  [1m[34mSELECT "users".* FROM "users"[0m
  [1m[35m (0.1ms)[0m  [1m[36mbegin transaction[0m
  [1m[36mUser Exists (2.4ms)[0m  [1m[34mSELECT  1 AS one FROM "users" WHERE "users"."email" = ? LIMIT ?[0m  [["email", "daniel7rusu@gmail.com"], ["LIMIT", 1]]
  [1m[35mSQL (3.6ms)[0m  [1m[32mINSERT INTO "users" ("email", "encrypted_password", "created_at", "updated_at") VALUES (?, ?, ?, ?)[0m  [["email", "daniel7rusu@gmail.com"], ["encrypted_password", "$2a$11$MaaaY367rLfN./CHFaAgBeghNx8x8gXCvRQBJdo4xbKYAxGMZ4.06"], ["created_at", "2018-01-15 16:41:32.513581"], ["updated_at", "2018-01-15 16:41:32.513581"]]
  [1m[35m (3.3ms)[0m  [1m[36mcommit transaction[0m
  [1m[36mUser Load (0.4ms)[0m  [1m[34mSELECT "users".* FROM "users"[0m
Started GET "/users/sign_in" for 127.0.0.1 at 2018-01-15 08:41:42 -0800
Processing by Devise::SessionsController#new as HTML
  Rendering /Users/danrusu/.rvm/gems/ruby-2.3.3/gems/devise-4.4.0/app/views/devise/sessions/new.html.erb within layouts/application
  Rendered /Users/danrusu/.rvm/gems/ruby-2.3.3/gems/devise-4.4.0/app/views/devise/shared/_links.html.erb (1.4ms)
  Rendered /Users/danrusu/.rvm/gems/ruby-2.3.3/gems/devise-4.4.0/app/views/devise/sessions/new.html.erb within layouts/application (8.5ms)
Completed 200 OK in 54ms (Views: 51.1ms | ActiveRecord: 0.0ms)


Started POST "/users/sign_in" for 127.0.0.1 at 2018-01-15 08:41:51 -0800
Processing by Devise::SessionsController#create as HTML
  Parameters: {"utf8"=>"✓", "authenticity_token"=>"aAn5kvrv9D3i1fLcZANeeioWn/OzrdBApMN0VtBLNyXlzFucqqfXZlaUi74vH0tR+Lpcynad1knabJJOs+833A==", "user"=>{"email"=>"daniel7rusu@gmail.com", "password"=>"[FILTERED]", "remember_me"=>"1"}, "commit"=>"Log in"}
  [1m[36mUser Load (0.3ms)[0m  [1m[34mSELECT  "users".* FROM "users" WHERE "users"."email" = ? ORDER BY "users"."id" ASC LIMIT ?[0m  [["email", "daniel7rusu@gmail.com"], ["LIMIT", 1]]
  [1m[35m (0.1ms)[0m  [1m[36mbegin transaction[0m
  [1m[35mSQL (0.9ms)[0m  [1m[33mUPDATE "users" SET "remember_created_at" = ?, "updated_at" = ? WHERE "users"."id" = ?[0m  [["remember_created_at", "2018-01-15 16:41:51.898911"], ["updated_at", "2018-01-15 16:41:51.901392"], ["id", 1]]
  [1m[35m (3.3ms)[0m  [1m[36mcommit transaction[0m
  [1m[35m (0.1ms)[0m  [1m[36mbegin transaction[0m
  [1m[35mSQL (0.6ms)[0m  [1m[33mUPDATE "users" SET "sign_in_count" = ?, "current_sign_in_at" = ?, "last_sign_in_at" = ?, "current_sign_in_ip" = ?, "last_sign_in_ip" = ?, "updated_at" = ? WHERE "users"."id" = ?[0m  [["sign_in_count", 1], ["current_sign_in_at", "2018-01-15 16:41:51.911500"], ["last_sign_in_at", "2018-01-15 16:41:51.911500"], ["current_sign_in_ip", "127.0.0.1"], ["last_sign_in_ip", "127.0.0.1"], ["updated_at", "2018-01-15 16:41:51.913218"], ["id", 1]]
  [1m[35m (2.6ms)[0m  [1m[36mcommit transaction[0m
Redirected to http://localhost:3000/reports
Completed 302 Found in 227ms (ActiveRecord: 7.9ms)


Started GET "/reports" for 127.0.0.1 at 2018-01-15 08:41:51 -0800
Processing by ReportsController#index as HTML
  [1m[36mUser Load (0.2ms)[0m  [1m[34mSELECT  "users".* FROM "users" WHERE "users"."id" = ? ORDER BY "users"."id" ASC LIMIT ?[0m  [["id", 1], ["LIMIT", 1]]
Completed 401 Unauthorized in 175ms (ActiveRecord: 0.2ms)


  
ActionController::UnknownFormat (ReportsController#index is missing a template for this request format and variant.

request.formats: ["text/html"]
request.variant: []

NOTE! For XHR/Ajax or API requests, this action would normally respond with 204 No Content: an empty white screen. Since you're loading it in a web browser, we assume that you expected to actually render a template, not nothing, so we're showing an error to be extra-clear. If you expect 204 No Content, carry on. That's what you'll get from an XHR or API request. Give it a shot.):
  
actionpack (5.0.6) lib/action_controller/metal/implicit_render.rb:56:in `default_render'
actionpack (5.0.6) lib/action_controller/metal/basic_implicit_render.rb:4:in `block in send_action'
actionpack (5.0.6) lib/action_controller/metal/basic_implicit_render.rb:4:in `tap'
actionpack (5.0.6) lib/action_controller/metal/basic_implicit_render.rb:4:in `send_action'
actionpack (5.0.6) lib/abstract_controller/base.rb:188:in `process_action'
actionpack (5.0.6) lib/action_controller/metal/rendering.rb:30:in `process_action'
actionpack (5.0.6) lib/abstract_controller/callbacks.rb:20:in `block in process_action'
activesupport (5.0.6) lib/active_support/callbacks.rb:126:in `call'
activesupport (5.0.6) lib/active_support/callbacks.rb:506:in `block (2 levels) in compile'
activesupport (5.0.6) lib/active_support/callbacks.rb:455:in `call'
activesupport (5.0.6) lib/active_support/callbacks.rb:101:in `__run_callbacks__'
activesupport (5.0.6) lib/active_support/callbacks.rb:750:in `_run_process_action_callbacks'
activesupport (5.0.6) lib/active_support/callbacks.rb:90:in `run_callbacks'
actionpack (5.0.6) lib/abstract_controller/callbacks.rb:19:in `process_action'
actionpack (5.0.6) lib/action_controller/metal/rescue.rb:20:in `process_action'
actionpack (5.0.6) lib/action_controller/metal/instrumentation.rb:32:in `block in process_action'
activesupport (5.0.6) lib/active_support/notifications.rb:164:in `block in instrument'
activesupport (5.0.6) lib/active_support/notifications/instrumenter.rb:21:in `instrument'
activesupport (5.0.6) lib/active_support/notifications.rb:164:in `instrument'
actionpack (5.0.6) lib/action_controller/metal/instrumentation.rb:30:in `process_action'
actionpack (5.0.6) lib/action_controller/metal/params_wrapper.rb:248:in `process_action'
activerecord (5.0.6) lib/active_record/railties/controller_runtime.rb:18:in `process_action'
actionpack (5.0.6) lib/abstract_controller/base.rb:126:in `process'
actionview (5.0.6) lib/action_view/rendering.rb:30:in `process'
actionpack (5.0.6) lib/action_controller/metal.rb:190:in `dispatch'
actionpack (5.0.6) lib/action_controller/metal.rb:262:in `dispatch'
actionpack (5.0.6) lib/action_dispatch/routing/route_set.rb:50:in `dispatch'
actionpack (5.0.6) lib/action_dispatch/routing/route_set.rb:32:in `serve'
actionpack (5.0.6) lib/action_dispatch/journey/router.rb:39:in `block in serve'
actionpack (5.0.6) lib/action_dispatch/journey/router.rb:26:in `each'
actionpack (5.0.6) lib/action_dispatch/journey/router.rb:26:in `serve'
actionpack (5.0.6) lib/action_dispatch/routing/route_set.rb:727:in `call'
warden (1.2.7) lib/warden/manager.rb:36:in `block in call'
warden (1.2.7) lib/warden/manager.rb:35:in `catch'
warden (1.2.7) lib/warden/manager.rb:35:in `call'
rack (2.0.3) lib/rack/etag.rb:25:in `call'
rack (2.0.3) lib/rack/conditional_get.rb:25:in `call'
rack (2.0.3) lib/rack/head.rb:12:in `call'
rack (2.0.3) lib/rack/session/abstract/id.rb:232:in `context'
rack (2.0.3) lib/rack/session/abstract/id.rb:226:in `call'
actionpack (5.0.6) lib/action_dispatch/middleware/cookies.rb:613:in `call'
activerecord (5.0.6) lib/active_record/migration.rb:553:in `call'
actionpack (5.0.6) lib/action_dispatch/middleware/callbacks.rb:38:in `block in call'
activesupport (5.0.6) lib/active_support/callbacks.rb:97:in `__run_callbacks__'
activesupport (5.0.6) lib/active_support/callbacks.rb:750:in `_run_call_callbacks'
activesupport (5.0.6) lib/active_support/callbacks.rb:90:in `run_callbacks'
actionpack (5.0.6) lib/action_dispatch/middleware/callbacks.rb:36:in `call'
actionpack (5.0.6) lib/action_dispatch/middleware/executor.rb:12:in `call'
actionpack (5.0.6) lib/action_dispatch/middleware/remote_ip.rb:79:in `call'
actionpack (5.0.6) lib/action_dispatch/middleware/debug_exceptions.rb:49:in `call'
web-console (3.5.1) lib/web_console/middleware.rb:135:in `call_app'
web-console (3.5.1) lib/web_console/middleware.rb:28:in `block in call'
web-console (3.5.1) lib/web_console/middleware.rb:18:in `catch'
web-console (3.5.1) lib/web_console/middleware.rb:18:in `call'
actionpack (5.0.6) lib/action_dispatch/middleware/show_exceptions.rb:31:in `call'
railties (5.0.6) lib/rails/rack/logger.rb:36:in `call_app'
railties (5.0.6) lib/rails/rack/logger.rb:24:in `block in call'
activesupport (5.0.6) lib/active_support/tagged_logging.rb:69:in `block in tagged'
activesupport (5.0.6) lib/active_support/tagged_logging.rb:26:in `tagged'
activesupport (5.0.6) lib/active_support/tagged_logging.rb:69:in `tagged'
railties (5.0.6) lib/rails/rack/logger.rb:24:in `call'
sprockets-rails (3.2.1) lib/sprockets/rails/quiet_assets.rb:13:in `call'
actionpack (5.0.6) lib/action_dispatch/middleware/request_id.rb:24:in `call'
rack (2.0.3) lib/rack/method_override.rb:22:in `call'
rack (2.0.3) lib/rack/runtime.rb:22:in `call'
activesupport (5.0.6) lib/active_support/cache/strategy/local_cache_middleware.rb:28:in `call'
actionpack (5.0.6) lib/action_dispatch/middleware/executor.rb:12:in `call'
actionpack (5.0.6) lib/action_dispatch/middleware/static.rb:136:in `call'
rack (2.0.3) lib/rack/sendfile.rb:111:in `call'
railties (5.0.6) lib/rails/engine.rb:522:in `call'
puma (3.11.0) lib/puma/configuration.rb:225:in `call'
puma (3.11.0) lib/puma/server.rb:624:in `handle_request'
puma (3.11.0) lib/puma/server.rb:438:in `process_client'
puma (3.11.0) lib/puma/server.rb:302:in `block in run'
puma (3.11.0) lib/puma/thread_pool.rb:120:in `block in spawn_thread'
  Rendering /Users/danrusu/.rvm/gems/ruby-2.3.3/gems/actionpack-5.0.6/lib/action_dispatch/middleware/templates/rescues/diagnostics.html.erb within rescues/layout
  Rendering /Users/danrusu/.rvm/gems/ruby-2.3.3/gems/actionpack-5.0.6/lib/action_dispatch/middleware/templates/rescues/_source.html.erb
  Rendered /Users/danrusu/.rvm/gems/ruby-2.3.3/gems/actionpack-5.0.6/lib/action_dispatch/middleware/templates/rescues/_source.html.erb (2.7ms)
  Rendering /Users/danrusu/.rvm/gems/ruby-2.3.3/gems/actionpack-5.0.6/lib/action_dispatch/middleware/templates/rescues/_trace.html.erb
  Rendered /Users/danrusu/.rvm/gems/ruby-2.3.3/gems/actionpack-5.0.6/lib/action_dispatch/middleware/templates/rescues/_trace.html.erb (1.8ms)
  Rendering /Users/danrusu/.rvm/gems/ruby-2.3.3/gems/actionpack-5.0.6/lib/action_dispatch/middleware/templates/rescues/_request_and_response.html.erb
  Rendered /Users/danrusu/.rvm/gems/ruby-2.3.3/gems/actionpack-5.0.6/lib/action_dispatch/middleware/templates/rescues/_request_and_response.html.erb (0.8ms)
  Rendered /Users/danrusu/.rvm/gems/ruby-2.3.3/gems/actionpack-5.0.6/lib/action_dispatch/middleware/templates/rescues/diagnostics.html.erb within rescues/layout (86.5ms)
  [1m[36mReport Load (1.7ms)[0m  [1m[34mSELECT "reports".* FROM "reports"[0m
  [1m[36mReport Load (0.3ms)[0m  [1m[34mSELECT "reports".* FROM "reports"[0m
  [1m[35m (0.2ms)[0m  [1m[36mbegin transaction[0m
  [1m[35mSQL (0.5ms)[0m  [1m[32mINSERT INTO "reports" ("date_of_call", "caller_id", "category", "screen", "total_duration", "disposition", "payout", "created_at", "updated_at") VALUES (?, ?, ?, ?, ?, ?, ?, ?, ?)[0m  [["date_of_call", "2018-01-15 00:00:00"], ["caller_id", "(206) 678-3321"], ["category", "Plumbers"], ["screen", "8"], ["total_duration", "8"], ["disposition", "Terminated - Hangup"], ["payout", 0.0], ["created_at", "2018-01-15 17:19:13.766242"], ["updated_at", "2018-01-15 17:19:13.771882"]]
  [1m[35m (2.6ms)[0m  [1m[36mcommit transaction[0m
  [1m[35m (0.1ms)[0m  [1m[36mbegin transaction[0m
  [1m[35mSQL (0.5ms)[0m  [1m[32mINSERT INTO "reports" ("date_of_call", "caller_id", "category", "screen", "total_duration", "disposition", "payout", "created_at", "updated_at") VALUES (?, ?, ?, ?, ?, ?, ?, ?, ?)[0m  [["date_of_call", "2018-01-15 03:42:00"], ["caller_id", "(206) 678-3321"], ["category", "Plumbers"], ["screen", "8"], ["total_duration", "8"], ["disposition", "Terminated - Hangup"], ["payout", 0.0], ["created_at", "2018-01-15 17:20:07.945111"], ["updated_at", "2018-01-15 17:20:07.947082"]]
  [1m[35m (2.6ms)[0m  [1m[36mcommit transaction[0m
  [1m[35m (0.2ms)[0m  [1m[36mbegin transaction[0m
  [1m[35mSQL (0.6ms)[0m  [1m[32mINSERT INTO "reports" ("date_of_call", "caller_id", "category", "screen", "total_duration", "disposition", "payout", "created_at", "updated_at") VALUES (?, ?, ?, ?, ?, ?, ?, ?, ?)[0m  [["date_of_call", "2018-01-15 01:42:00"], ["caller_id", "(206) 678-3321"], ["category", "Plumbers"], ["screen", "8"], ["total_duration", "8"], ["disposition", "Terminated - Hangup"], ["payout", 0.0], ["created_at", "2018-01-15 17:24:08.343754"], ["updated_at", "2018-01-15 17:24:08.345224"]]
  [1m[35m (2.8ms)[0m  [1m[36mcommit transaction[0m
  [1m[35m (0.1ms)[0m  [1m[36mbegin transaction[0m
  [1m[35mSQL (0.5ms)[0m  [1m[32mINSERT INTO "reports" ("date_of_call", "caller_id", "category", "screen", "total_duration", "disposition", "payout", "created_at", "updated_at") VALUES (?, ?, ?, ?, ?, ?, ?, ?, ?)[0m  [["date_of_call", "2018-01-15 02:42:00"], ["caller_id", "(206) 678-3321"], ["category", "Plumbers"], ["screen", "8"], ["total_duration", "8"], ["disposition", "Terminated - Hangup"], ["payout", 0.0], ["created_at", "2018-01-15 17:24:15.423130"], ["updated_at", "2018-01-15 17:24:15.424785"]]
  [1m[35m (2.6ms)[0m  [1m[36mcommit transaction[0m
  [1m[35m (0.1ms)[0m  [1m[36mbegin transaction[0m
  [1m[35mSQL (0.6ms)[0m  [1m[32mINSERT INTO "reports" ("date_of_call", "caller_id", "category", "screen", "total_duration", "disposition", "payout", "created_at", "updated_at") VALUES (?, ?, ?, ?, ?, ?, ?, ?, ?)[0m  [["date_of_call", "2018-01-14 02:42:00"], ["caller_id", "(206) 678-3321"], ["category", "Plumbers"], ["screen", "8"], ["total_duration", "8"], ["disposition", "Terminated - Hangup"], ["payout", 0.0], ["created_at", "2018-01-15 17:24:22.402656"], ["updated_at", "2018-01-15 17:24:22.404821"]]
  [1m[35m (3.2ms)[0m  [1m[36mcommit transaction[0m
  [1m[35m (0.1ms)[0m  [1m[36mbegin transaction[0m
  [1m[35mSQL (0.7ms)[0m  [1m[32mINSERT INTO "reports" ("date_of_call", "caller_id", "category", "screen", "total_duration", "disposition", "payout", "created_at", "updated_at") VALUES (?, ?, ?, ?, ?, ?, ?, ?, ?)[0m  [["date_of_call", "2018-01-13 12:42:00"], ["caller_id", "(206) 678-3321"], ["category", "Plumbers"], ["screen", "8"], ["total_duration", "8"], ["disposition", "Terminated - Hangup"], ["payout", 0.0], ["created_at", "2018-01-15 17:24:31.653005"], ["updated_at", "2018-01-15 17:24:31.653977"]]
  [1m[35m (2.9ms)[0m  [1m[36mcommit transaction[0m
Started GET "/reports" for 127.0.0.1 at 2018-01-15 09:24:50 -0800
Processing by ReportsController#index as HTML
  [1m[36mUser Load (1.2ms)[0m  [1m[34mSELECT  "users".* FROM "users" WHERE "users"."id" = ? ORDER BY "users"."id" ASC LIMIT ?[0m  [["id", 1], ["LIMIT", 1]]
  Rendering reports/index.html.erb within layouts/application
  [1m[36mReport Load (0.2ms)[0m  [1m[34mSELECT "reports".* FROM "reports"[0m
  Rendered reports/index.html.erb within layouts/application (13.7ms)
Completed 200 OK in 92ms (Views: 80.6ms | ActiveRecord: 1.9ms)


Started GET "/reports" for 127.0.0.1 at 2018-01-15 09:27:37 -0800
Processing by ReportsController#index as HTML
  [1m[36mUser Load (0.5ms)[0m  [1m[34mSELECT  "users".* FROM "users" WHERE "users"."id" = ? ORDER BY "users"."id" ASC LIMIT ?[0m  [["id", 1], ["LIMIT", 1]]
  Rendering reports/index.html.erb within layouts/application
  [1m[36mReport Load (0.2ms)[0m  [1m[34mSELECT "reports".* FROM "reports"[0m
  Rendered reports/index.html.erb within layouts/application (1.8ms)
Completed 200 OK in 34ms (Views: 26.1ms | ActiveRecord: 0.7ms)


Started GET "/reports" for 127.0.0.1 at 2018-01-15 09:27:56 -0800
Processing by ReportsController#index as HTML
  [1m[36mUser Load (0.4ms)[0m  [1m[34mSELECT  "users".* FROM "users" WHERE "users"."id" = ? ORDER BY "users"."id" ASC LIMIT ?[0m  [["id", 1], ["LIMIT", 1]]
  Rendering reports/index.html.erb within layouts/application
  [1m[36mReport Load (0.2ms)[0m  [1m[34mSELECT "reports".* FROM "reports"[0m
  Rendered reports/index.html.erb within layouts/application (1.7ms)
Completed 200 OK in 35ms (Views: 26.4ms | ActiveRecord: 0.6ms)


Started GET "/reports" for 127.0.0.1 at 2018-01-15 09:33:53 -0800
Processing by ReportsController#index as HTML
  [1m[36mUser Load (0.1ms)[0m  [1m[34mSELECT  "users".* FROM "users" WHERE "users"."id" = ? ORDER BY "users"."id" ASC LIMIT ?[0m  [["id", 1], ["LIMIT", 1]]
  Rendering reports/index.html.erb within layouts/application
  [1m[36mReport Load (0.3ms)[0m  [1m[34mSELECT "reports".* FROM "reports"[0m
  Rendered reports/index.html.erb within layouts/application (10.1ms)
Completed 200 OK in 66ms (Views: 38.3ms | ActiveRecord: 1.6ms)


Started GET "/reports" for 127.0.0.1 at 2018-01-15 10:53:36 -0800
  [1m[36mActiveRecord::SchemaMigration Load (0.3ms)[0m  [1m[34mSELECT "schema_migrations".* FROM "schema_migrations"[0m
Processing by ReportsController#index as HTML
  [1m[36mUser Load (0.5ms)[0m  [1m[34mSELECT  "users".* FROM "users" WHERE "users"."id" = ? ORDER BY "users"."id" ASC LIMIT ?[0m  [["id", 1], ["LIMIT", 1]]
  Rendering reports/index.html.erb within layouts/application
  [1m[36mReport Load (0.3ms)[0m  [1m[34mSELECT "reports".* FROM "reports"[0m
  Rendered reports/index.html.erb within layouts/application (25.0ms)
Completed 200 OK in 498ms (Views: 462.5ms | ActiveRecord: 2.4ms)


Started GET "/reports" for 127.0.0.1 at 2018-01-15 10:58:56 -0800
Processing by ReportsController#index as HTML
  [1m[36mUser Load (0.2ms)[0m  [1m[34mSELECT  "users".* FROM "users" WHERE "users"."id" = ? ORDER BY "users"."id" ASC LIMIT ?[0m  [["id", 1], ["LIMIT", 1]]
Completed 401 Unauthorized in 18ms (ActiveRecord: 1.0ms)


  
NameError (uninitialized constant ReportsController::Product):
  
app/controllers/reports_controller.rb:11:in `sort_column'
app/controllers/reports_controller.rb:5:in `index'
  Rendering /Users/danrusu/.rvm/gems/ruby-2.3.3/gems/actionpack-5.0.6/lib/action_dispatch/middleware/templates/rescues/diagnostics.html.erb within rescues/layout
  Rendering /Users/danrusu/.rvm/gems/ruby-2.3.3/gems/actionpack-5.0.6/lib/action_dispatch/middleware/templates/rescues/_source.html.erb
  Rendered /Users/danrusu/.rvm/gems/ruby-2.3.3/gems/actionpack-5.0.6/lib/action_dispatch/middleware/templates/rescues/_source.html.erb (3.4ms)
  Rendering /Users/danrusu/.rvm/gems/ruby-2.3.3/gems/actionpack-5.0.6/lib/action_dispatch/middleware/templates/rescues/_trace.html.erb
  Rendered /Users/danrusu/.rvm/gems/ruby-2.3.3/gems/actionpack-5.0.6/lib/action_dispatch/middleware/templates/rescues/_trace.html.erb (2.3ms)
  Rendering /Users/danrusu/.rvm/gems/ruby-2.3.3/gems/actionpack-5.0.6/lib/action_dispatch/middleware/templates/rescues/_request_and_response.html.erb
  Rendered /Users/danrusu/.rvm/gems/ruby-2.3.3/gems/actionpack-5.0.6/lib/action_dispatch/middleware/templates/rescues/_request_and_response.html.erb (1.5ms)
  Rendered /Users/danrusu/.rvm/gems/ruby-2.3.3/gems/actionpack-5.0.6/lib/action_dispatch/middleware/templates/rescues/diagnostics.html.erb within rescues/layout (94.8ms)
Started GET "/reports" for 127.0.0.1 at 2018-01-15 10:59:59 -0800
Processing by ReportsController#index as HTML
  [1m[36mUser Load (0.1ms)[0m  [1m[34mSELECT  "users".* FROM "users" WHERE "users"."id" = ? ORDER BY "users"."id" ASC LIMIT ?[0m  [["id", 1], ["LIMIT", 1]]
  Rendering reports/index.html.erb within layouts/application
  [1m[36mReport Load (2.5ms)[0m  [1m[34mSELECT "reports".* FROM "reports" ORDER BY date_of_call asc[0m
  Rendered reports/index.html.erb within layouts/application (15.6ms)
Completed 200 OK in 100ms (Views: 79.0ms | ActiveRecord: 3.9ms)


Started GET "/?direction=asc&sort=caller_id" for 127.0.0.1 at 2018-01-15 11:00:03 -0800
Processing by ReportsController#index as HTML
  Parameters: {"direction"=>"asc", "sort"=>"caller_id"}
  [1m[36mUser Load (0.8ms)[0m  [1m[34mSELECT  "users".* FROM "users" WHERE "users"."id" = ? ORDER BY "users"."id" ASC LIMIT ?[0m  [["id", 1], ["LIMIT", 1]]
  Rendering reports/index.html.erb within layouts/application
  [1m[36mReport Load (0.7ms)[0m  [1m[34mSELECT "reports".* FROM "reports" ORDER BY caller_id asc[0m
  Rendered reports/index.html.erb within layouts/application (10.2ms)
Completed 200 OK in 64ms (Views: 53.7ms | ActiveRecord: 1.5ms)


Started GET "/?direction=asc&sort=category" for 127.0.0.1 at 2018-01-15 11:00:04 -0800
Processing by ReportsController#index as HTML
  Parameters: {"direction"=>"asc", "sort"=>"category"}
  [1m[36mUser Load (0.3ms)[0m  [1m[34mSELECT  "users".* FROM "users" WHERE "users"."id" = ? ORDER BY "users"."id" ASC LIMIT ?[0m  [["id", 1], ["LIMIT", 1]]
  Rendering reports/index.html.erb within layouts/application
  [1m[36mReport Load (0.3ms)[0m  [1m[34mSELECT "reports".* FROM "reports" ORDER BY category asc[0m
  Rendered reports/index.html.erb within layouts/application (11.0ms)
Completed 200 OK in 62ms (Views: 53.7ms | ActiveRecord: 0.6ms)


Started GET "/?direction=asc&sort=date_of_call" for 127.0.0.1 at 2018-01-15 11:00:05 -0800
Processing by ReportsController#index as HTML
  Parameters: {"direction"=>"asc", "sort"=>"date_of_call"}
  [1m[36mUser Load (2.2ms)[0m  [1m[34mSELECT  "users".* FROM "users" WHERE "users"."id" = ? ORDER BY "users"."id" ASC LIMIT ?[0m  [["id", 1], ["LIMIT", 1]]
  Rendering reports/index.html.erb within layouts/application
  [1m[36mReport Load (0.2ms)[0m  [1m[34mSELECT "reports".* FROM "reports" ORDER BY date_of_call asc[0m
  Rendered reports/index.html.erb within layouts/application (6.3ms)
Completed 200 OK in 68ms (Views: 54.5ms | ActiveRecord: 2.4ms)


Started GET "/?direction=asc&sort=date_of_call" for 127.0.0.1 at 2018-01-15 11:44:32 -0800
Processing by ReportsController#index as HTML
  Parameters: {"direction"=>"asc", "sort"=>"date_of_call"}
  [1m[36mUser Load (0.2ms)[0m  [1m[34mSELECT  "users".* FROM "users" WHERE "users"."id" = ? ORDER BY "users"."id" ASC LIMIT ?[0m  [["id", 1], ["LIMIT", 1]]
  [1m[36mReport Load (0.2ms)[0m  [1m[34mSELECT "reports".* FROM "reports" ORDER BY date_of_call asc[0m
Completed 401 Unauthorized in 90ms (ActiveRecord: 2.8ms)


  
NoMethodError (undefined method `paginate' for #<Report::ActiveRecord_Relation:0x007ff2eef594c8>):
  
app/controllers/reports_controller.rb:5:in `index'
  Rendering /Users/danrusu/.rvm/gems/ruby-2.3.3/gems/actionpack-5.0.6/lib/action_dispatch/middleware/templates/rescues/diagnostics.html.erb within rescues/layout
  Rendering /Users/danrusu/.rvm/gems/ruby-2.3.3/gems/actionpack-5.0.6/lib/action_dispatch/middleware/templates/rescues/_source.html.erb
  Rendered /Users/danrusu/.rvm/gems/ruby-2.3.3/gems/actionpack-5.0.6/lib/action_dispatch/middleware/templates/rescues/_source.html.erb (12.9ms)
  Rendering /Users/danrusu/.rvm/gems/ruby-2.3.3/gems/actionpack-5.0.6/lib/action_dispatch/middleware/templates/rescues/_trace.html.erb
  Rendered /Users/danrusu/.rvm/gems/ruby-2.3.3/gems/actionpack-5.0.6/lib/action_dispatch/middleware/templates/rescues/_trace.html.erb (3.0ms)
  Rendering /Users/danrusu/.rvm/gems/ruby-2.3.3/gems/actionpack-5.0.6/lib/action_dispatch/middleware/templates/rescues/_request_and_response.html.erb
  Rendered /Users/danrusu/.rvm/gems/ruby-2.3.3/gems/actionpack-5.0.6/lib/action_dispatch/middleware/templates/rescues/_request_and_response.html.erb (1.9ms)
  Rendered /Users/danrusu/.rvm/gems/ruby-2.3.3/gems/actionpack-5.0.6/lib/action_dispatch/middleware/templates/rescues/diagnostics.html.erb within rescues/layout (119.8ms)
Started GET "/?direction=asc&sort=date_of_call" for 127.0.0.1 at 2018-01-15 11:45:54 -0800
Processing by ReportsController#index as HTML
  Parameters: {"direction"=>"asc", "sort"=>"date_of_call"}
  [1m[36mUser Load (0.2ms)[0m  [1m[34mSELECT  "users".* FROM "users" WHERE "users"."id" = ? ORDER BY "users"."id" ASC LIMIT ?[0m  [["id", 1], ["LIMIT", 1]]
Completed 401 Unauthorized in 33ms (ActiveRecord: 0.9ms)


  
NoMethodError (undefined method `paginate' for #<Class:0x007ff2ef091700>):
  
app/controllers/reports_controller.rb:5:in `index'
  Rendering /Users/danrusu/.rvm/gems/ruby-2.3.3/gems/actionpack-5.0.6/lib/action_dispatch/middleware/templates/rescues/diagnostics.html.erb within rescues/layout
  Rendering /Users/danrusu/.rvm/gems/ruby-2.3.3/gems/actionpack-5.0.6/lib/action_dispatch/middleware/templates/rescues/_source.html.erb
  Rendered /Users/danrusu/.rvm/gems/ruby-2.3.3/gems/actionpack-5.0.6/lib/action_dispatch/middleware/templates/rescues/_source.html.erb (2.8ms)
  Rendering /Users/danrusu/.rvm/gems/ruby-2.3.3/gems/actionpack-5.0.6/lib/action_dispatch/middleware/templates/rescues/_trace.html.erb
  Rendered /Users/danrusu/.rvm/gems/ruby-2.3.3/gems/actionpack-5.0.6/lib/action_dispatch/middleware/templates/rescues/_trace.html.erb (2.8ms)
  Rendering /Users/danrusu/.rvm/gems/ruby-2.3.3/gems/actionpack-5.0.6/lib/action_dispatch/middleware/templates/rescues/_request_and_response.html.erb
  Rendered /Users/danrusu/.rvm/gems/ruby-2.3.3/gems/actionpack-5.0.6/lib/action_dispatch/middleware/templates/rescues/_request_and_response.html.erb (1.9ms)
  Rendered /Users/danrusu/.rvm/gems/ruby-2.3.3/gems/actionpack-5.0.6/lib/action_dispatch/middleware/templates/rescues/diagnostics.html.erb within rescues/layout (92.1ms)
Started GET "/?direction=asc&sort=date_of_call" for 127.0.0.1 at 2018-01-15 11:47:47 -0800
  [1m[36mActiveRecord::SchemaMigration Load (0.3ms)[0m  [1m[34mSELECT "schema_migrations".* FROM "schema_migrations"[0m
Processing by ReportsController#index as HTML
  Parameters: {"direction"=>"asc", "sort"=>"date_of_call"}
  [1m[36mUser Load (0.2ms)[0m  [1m[34mSELECT  "users".* FROM "users" WHERE "users"."id" = ? ORDER BY "users"."id" ASC LIMIT ?[0m  [["id", 1], ["LIMIT", 1]]
  Rendering reports/index.html.erb within layouts/application
  [1m[36mReport Load (0.5ms)[0m  [1m[34mSELECT  "reports".* FROM "reports" ORDER BY date_of_call asc LIMIT ? OFFSET ?[0m  [["LIMIT", 50], ["OFFSET", 0]]
  Rendered reports/index.html.erb within layouts/application (25.4ms)
Completed 200 OK in 496ms (Views: 453.1ms | ActiveRecord: 2.1ms)


Started GET "/?direction=desc&sort=date_of_call" for 127.0.0.1 at 2018-01-15 11:47:52 -0800
Processing by ReportsController#index as HTML
  Parameters: {"direction"=>"desc", "sort"=>"date_of_call"}
  [1m[36mUser Load (0.3ms)[0m  [1m[34mSELECT  "users".* FROM "users" WHERE "users"."id" = ? ORDER BY "users"."id" ASC LIMIT ?[0m  [["id", 1], ["LIMIT", 1]]
  Rendering reports/index.html.erb within layouts/application
  [1m[36mReport Load (0.7ms)[0m  [1m[34mSELECT  "reports".* FROM "reports" ORDER BY date_of_call desc LIMIT ? OFFSET ?[0m  [["LIMIT", 50], ["OFFSET", 0]]
  Rendered reports/index.html.erb within layouts/application (6.9ms)
Completed 200 OK in 63ms (Views: 52.2ms | ActiveRecord: 1.0ms)


Started GET "/?direction=desc&sort=date_of_call" for 127.0.0.1 at 2018-01-15 11:48:02 -0800
Processing by ReportsController#index as HTML
  Parameters: {"direction"=>"desc", "sort"=>"date_of_call"}
  [1m[36mUser Load (0.1ms)[0m  [1m[34mSELECT  "users".* FROM "users" WHERE "users"."id" = ? ORDER BY "users"."id" ASC LIMIT ?[0m  [["id", 1], ["LIMIT", 1]]
  Rendering reports/index.html.erb within layouts/application
  [1m[36mReport Load (2.3ms)[0m  [1m[34mSELECT  "reports".* FROM "reports" ORDER BY date_of_call desc LIMIT ? OFFSET ?[0m  [["LIMIT", 2], ["OFFSET", 0]]
  [1m[35m (0.2ms)[0m  [1m[34mSELECT COUNT(*) FROM "reports"[0m
  Rendered reports/index.html.erb within layouts/application (54.9ms)
Completed 200 OK in 102ms (Views: 77.9ms | ActiveRecord: 4.0ms)


